c:\users\zareh\documents\visual studio 2013\projects\sfmlgame2\sfmlgame2\release\vc120.pdb
c:\users\zareh\documents\visual studio 2013\projects\sfmlgame2\sfmlgame2\release\visiblegameobject.obj
c:\users\zareh\documents\visual studio 2013\projects\sfmlgame2\sfmlgame2\release\tile.obj
c:\users\zareh\documents\visual studio 2013\projects\sfmlgame2\sfmlgame2\release\itemcatalog.obj
c:\users\zareh\documents\visual studio 2013\projects\sfmlgame2\sfmlgame2\release\player.obj
c:\users\zareh\documents\visual studio 2013\projects\sfmlgame2\sfmlgame2\release\objectrenderer.obj
c:\users\zareh\documents\visual studio 2013\projects\sfmlgame2\sfmlgame2\release\objectfactory.obj
c:\users\zareh\documents\visual studio 2013\projects\sfmlgame2\sfmlgame2\release\mainmenu.obj
c:\users\zareh\documents\visual studio 2013\projects\sfmlgame2\sfmlgame2\release\main.obj
c:\users\zareh\documents\visual studio 2013\projects\sfmlgame2\sfmlgame2\release\levelloader.obj
c:\users\zareh\documents\visual studio 2013\projects\sfmlgame2\sfmlgame2\release\item.obj
c:\users\zareh\documents\visual studio 2013\projects\sfmlgame2\sfmlgame2\release\inventoryitem.obj
c:\users\zareh\documents\visual studio 2013\projects\sfmlgame2\sfmlgame2\release\inventory.obj
c:\users\zareh\documents\visual studio 2013\projects\sfmlgame2\sfmlgame2\release\gameobjectmanager.obj
c:\users\zareh\documents\visual studio 2013\projects\sfmlgame2\sfmlgame2\release\game.obj
c:\users\zareh\documents\visual studio 2013\projects\sfmlgame2\sfmlgame2\release\debug.obj
c:\users\zareh\documents\visual studio 2013\projects\sfmlgame2\sfmlgame2\release\algorithms.obj
c:\users\zareh\documents\visual studio 2013\projects\sfmlgame2\release\sfmlgame2.exe
c:\users\zareh\documents\visual studio 2013\projects\sfmlgame2\release\sfmlgame2.pdb
c:\users\zareh\documents\visual studio 2013\projects\sfmlgame2\sfmlgame2\release\sfmlgame2.tlog\cl.command.1.tlog
c:\users\zareh\documents\visual studio 2013\projects\sfmlgame2\sfmlgame2\release\sfmlgame2.tlog\cl.read.1.tlog
c:\users\zareh\documents\visual studio 2013\projects\sfmlgame2\sfmlgame2\release\sfmlgame2.tlog\cl.write.1.tlog
c:\users\zareh\documents\visual studio 2013\projects\sfmlgame2\sfmlgame2\release\sfmlgame2.tlog\link.command.1.tlog
c:\users\zareh\documents\visual studio 2013\projects\sfmlgame2\sfmlgame2\release\sfmlgame2.tlog\link.read.1.tlog
c:\users\zareh\documents\visual studio 2013\projects\sfmlgame2\sfmlgame2\release\sfmlgame2.tlog\link.write.1.tlog
