c:\users\zareh\documents\github\sfmlgame2\luapluslib\debug\vc120.pdb
c:\users\zareh\documents\github\sfmlgame2\luapluslib\debug\vc120.idb
c:\users\zareh\documents\github\sfmlgame2\luapluslib\debug\luaobject.obj
c:\users\zareh\documents\github\sfmlgame2\luapluslib\debug\luaplus.obj
c:\users\zareh\documents\github\sfmlgame2\luapluslib\debug\luaplusfunctions.obj
c:\users\zareh\documents\github\sfmlgame2\luapluslib\debug\luaplus_libs.obj
c:\users\zareh\documents\github\sfmlgame2\luapluslib\debug\luastate.obj
c:\users\zareh\documents\github\sfmlgame2\luapluslib\debug\luastateoutfile.obj
c:\users\zareh\documents\github\sfmlgame2\luapluslib\debug\luastate_dumpobject.obj
c:\users\zareh\documents\github\sfmlgame2\luapluslib\debug\luatableiterator.obj
c:\users\zareh\documents\github\sfmlgame2\luapluslib\debug\linit.obj
c:\users\zareh\documents\github\sfmlgame2\luapluslib\debug\liolib.obj
c:\users\zareh\documents\github\sfmlgame2\luapluslib\debug\llex.obj
c:\users\zareh\documents\github\sfmlgame2\luapluslib\debug\lmathlib.obj
c:\users\zareh\documents\github\sfmlgame2\luapluslib\debug\lmem.obj
c:\users\zareh\documents\github\sfmlgame2\luapluslib\debug\loadlib.obj
c:\users\zareh\documents\github\sfmlgame2\luapluslib\debug\lobject.obj
c:\users\zareh\documents\github\sfmlgame2\luapluslib\debug\lopcodes.obj
c:\users\zareh\documents\github\sfmlgame2\luapluslib\debug\loslib.obj
c:\users\zareh\documents\github\sfmlgame2\luapluslib\debug\lparser.obj
c:\users\zareh\documents\github\sfmlgame2\luapluslib\debug\lstate.obj
c:\users\zareh\documents\github\sfmlgame2\luapluslib\debug\lstring.obj
c:\users\zareh\documents\github\sfmlgame2\luapluslib\debug\lstrlib.obj
c:\users\zareh\documents\github\sfmlgame2\luapluslib\debug\ltable.obj
c:\users\zareh\documents\github\sfmlgame2\luapluslib\debug\ltablib.obj
c:\users\zareh\documents\github\sfmlgame2\luapluslib\debug\ltm.obj
c:\users\zareh\documents\github\sfmlgame2\luapluslib\debug\lundump.obj
c:\users\zareh\documents\github\sfmlgame2\luapluslib\debug\lvm.obj
c:\users\zareh\documents\github\sfmlgame2\luapluslib\debug\lzio.obj
c:\users\zareh\documents\github\sfmlgame2\luapluslib\debug\print.obj
c:\users\zareh\documents\github\sfmlgame2\luapluslib\debug\luaplusaddons.obj
c:\users\zareh\documents\github\sfmlgame2\luapluslib\debug\lwstrlib.obj
c:\users\zareh\documents\github\sfmlgame2\luapluslib\debug\popen.obj
c:\users\zareh\documents\github\sfmlgame2\luapluslib\debug\lapi.obj
c:\users\zareh\documents\github\sfmlgame2\luapluslib\debug\lauxlib.obj
c:\users\zareh\documents\github\sfmlgame2\luapluslib\debug\lbaselib.obj
c:\users\zareh\documents\github\sfmlgame2\luapluslib\debug\lcode.obj
c:\users\zareh\documents\github\sfmlgame2\luapluslib\debug\ldblib.obj
c:\users\zareh\documents\github\sfmlgame2\luapluslib\debug\ldebug.obj
c:\users\zareh\documents\github\sfmlgame2\luapluslib\debug\ldo.obj
c:\users\zareh\documents\github\sfmlgame2\luapluslib\debug\ldump.obj
c:\users\zareh\documents\github\sfmlgame2\luapluslib\debug\lfunc.obj
c:\users\zareh\documents\github\sfmlgame2\luapluslib\debug\lgc.obj
c:\users\zareh\documents\github\sfmlgame2\debug\luaplus.lib
c:\users\zareh\documents\github\sfmlgame2\luapluslib\debug\luapluslib.tlog\cl.command.1.tlog
c:\users\zareh\documents\github\sfmlgame2\luapluslib\debug\luapluslib.tlog\cl.read.1.tlog
c:\users\zareh\documents\github\sfmlgame2\luapluslib\debug\luapluslib.tlog\cl.write.1.tlog
c:\users\zareh\documents\github\sfmlgame2\luapluslib\debug\luapluslib.tlog\lib-link.read.1.tlog
c:\users\zareh\documents\github\sfmlgame2\luapluslib\debug\luapluslib.tlog\lib-link.write.1.tlog
c:\users\zareh\documents\github\sfmlgame2\luapluslib\debug\luapluslib.tlog\lib.command.1.tlog
