c:\users\zareh\documents\visual studio 2013\projects\sfmlgame2\sfmlgame2\debug\vc120.pdb
c:\users\zareh\documents\visual studio 2013\projects\sfmlgame2\sfmlgame2\debug\vc120.idb
c:\users\zareh\documents\visual studio 2013\projects\sfmlgame2\sfmlgame2\debug\algorithms.obj
c:\users\zareh\documents\visual studio 2013\projects\sfmlgame2\sfmlgame2\debug\debug.obj
c:\users\zareh\documents\visual studio 2013\projects\sfmlgame2\sfmlgame2\debug\game.obj
c:\users\zareh\documents\visual studio 2013\projects\sfmlgame2\sfmlgame2\debug\gameobjectmanager.obj
c:\users\zareh\documents\visual studio 2013\projects\sfmlgame2\sfmlgame2\debug\inventory.obj
c:\users\zareh\documents\visual studio 2013\projects\sfmlgame2\sfmlgame2\debug\inventoryitem.obj
c:\users\zareh\documents\visual studio 2013\projects\sfmlgame2\sfmlgame2\debug\item.obj
c:\users\zareh\documents\visual studio 2013\projects\sfmlgame2\sfmlgame2\debug\levelloader.obj
c:\users\zareh\documents\visual studio 2013\projects\sfmlgame2\sfmlgame2\debug\main.obj
c:\users\zareh\documents\visual studio 2013\projects\sfmlgame2\sfmlgame2\debug\mainmenu.obj
c:\users\zareh\documents\visual studio 2013\projects\sfmlgame2\sfmlgame2\debug\objectfactory.obj
c:\users\zareh\documents\visual studio 2013\projects\sfmlgame2\sfmlgame2\debug\objectrenderer.obj
c:\users\zareh\documents\visual studio 2013\projects\sfmlgame2\sfmlgame2\debug\player.obj
c:\users\zareh\documents\visual studio 2013\projects\sfmlgame2\sfmlgame2\debug\itemcatalog.obj
c:\users\zareh\documents\visual studio 2013\projects\sfmlgame2\sfmlgame2\debug\tile.obj
c:\users\zareh\documents\visual studio 2013\projects\sfmlgame2\sfmlgame2\debug\ui.obj
c:\users\zareh\documents\visual studio 2013\projects\sfmlgame2\sfmlgame2\debug\visiblegameobject.obj
c:\users\zareh\documents\visual studio 2013\projects\sfmlgame2\debug\sfmlgame2.ilk
c:\users\zareh\documents\visual studio 2013\projects\sfmlgame2\debug\sfmlgame2.exe
c:\users\zareh\documents\visual studio 2013\projects\sfmlgame2\debug\sfmlgame2.pdb
c:\users\zareh\documents\visual studio 2013\projects\sfmlgame2\sfmlgame2\debug\sfmlgame2.tlog\cl.command.1.tlog
c:\users\zareh\documents\visual studio 2013\projects\sfmlgame2\sfmlgame2\debug\sfmlgame2.tlog\cl.read.1.tlog
c:\users\zareh\documents\visual studio 2013\projects\sfmlgame2\sfmlgame2\debug\sfmlgame2.tlog\cl.write.1.tlog
c:\users\zareh\documents\visual studio 2013\projects\sfmlgame2\sfmlgame2\debug\sfmlgame2.tlog\link.command.1.tlog
c:\users\zareh\documents\visual studio 2013\projects\sfmlgame2\sfmlgame2\debug\sfmlgame2.tlog\link.read.1.tlog
c:\users\zareh\documents\visual studio 2013\projects\sfmlgame2\sfmlgame2\debug\sfmlgame2.tlog\link.write.1.tlog
